<?xml version="1.0" encoding="UTF-8"?>
<!-- Generated by org.testng.reporters.JUnitReportReporter -->
<testsuite skipped="0" hostname="hp-PC" name="com.VTiger.Campaigns.TestDeleteCampaings" tests="1" failures="0" timestamp="21 Aug 2019 18:05:55 GMT" time="17.489" errors="0">
  <testcase name="DeleteCampaings" time="17.489" classname="com.VTiger.Campaigns.TestDeleteCampaings"/>
</testsuite> <!-- com.VTiger.Campaigns.TestDeleteCampaings -->
