<?xml version="1.0" encoding="UTF-8"?>
<!-- Generated by org.testng.reporters.JUnitReportReporter -->
<testsuite skipped="0" hostname="hp-PC" name="com.VTiger.Organizations.CreateOrganization" tests="1" failures="0" timestamp="24 Aug 2019 04:47:02 GMT" time="19.724" errors="0">
  <testcase name="TestCreateOrganization" time="19.724" classname="com.VTiger.Organizations.CreateOrganization"/>
</testsuite> <!-- com.VTiger.Organizations.CreateOrganization -->
