<?xml version="1.0" encoding="UTF-8"?>
<!-- Generated by org.testng.reporters.JUnitReportReporter -->
<testsuite skipped="0" hostname="hp-PC" name="com.VTiger.Campaigns.DeleteCampaings" tests="1" failures="0" timestamp="23 Aug 2019 02:45:54 GMT" time="12.285" errors="0">
  <testcase name="TestDeleteCampaings" time="12.285" classname="com.VTiger.Campaigns.DeleteCampaings"/>
</testsuite> <!-- com.VTiger.Campaigns.DeleteCampaings -->
