<?xml version="1.0" encoding="UTF-8"?>
<!-- Generated by org.testng.reporters.JUnitReportReporter -->
<testsuite skipped="0" hostname="hp-PC" name="com.VTiger.Campaigns.DeleteCampaingsTest" tests="1" failures="0" timestamp="24 Aug 2019 04:47:02 GMT" time="12.495" errors="0">
  <testcase name="TestDeleteCampaings" time="12.495" classname="com.VTiger.Campaigns.DeleteCampaingsTest"/>
</testsuite> <!-- com.VTiger.Campaigns.DeleteCampaingsTest -->
