<?xml version="1.0" encoding="UTF-8"?>
<!-- Generated by org.testng.reporters.JUnitReportReporter -->
<testsuite skipped="0" hostname="hp-PC" name="com.VTiger.Campaigns.CreateCampaingsTest" tests="1" failures="0" timestamp="24 Aug 2019 04:47:02 GMT" time="29.376" errors="0">
  <testcase name="TestCreatCampaings" time="29.376" classname="com.VTiger.Campaigns.CreateCampaingsTest"/>
</testsuite> <!-- com.VTiger.Campaigns.CreateCampaingsTest -->
