<?xml version="1.0" encoding="UTF-8"?>
<!-- Generated by org.testng.reporters.JUnitReportReporter -->
<testsuite skipped="0" hostname="hp-PC" name="com.VTiger.Campaigns.CreateCampaings" tests="1" failures="0" timestamp="23 Aug 2019 02:45:54 GMT" time="33.875" errors="0">
  <testcase name="TestCreatCampaings" time="33.875" classname="com.VTiger.Campaigns.CreateCampaings"/>
</testsuite> <!-- com.VTiger.Campaigns.CreateCampaings -->
