<?xml version="1.0" encoding="UTF-8"?>
<!-- Generated by org.testng.reporters.JUnitReportReporter -->
<testsuite skipped="0" hostname="hp-PC" name="com.VTiger.Campaigns.TestEditCampaings" tests="1" failures="0" timestamp="21 Aug 2019 18:01:08 GMT" time="18.768" errors="0">
  <testcase name="EditCampaings" time="18.768" classname="com.VTiger.Campaigns.TestEditCampaings"/>
</testsuite> <!-- com.VTiger.Campaigns.TestEditCampaings -->
