<?xml version="1.0" encoding="UTF-8"?>
<!-- Generated by org.testng.reporters.JUnitReportReporter -->
<testsuite skipped="0" hostname="hp-PC" name="com.VTiger.Campaigns.EditCampaings" tests="1" failures="0" timestamp="24 Aug 2019 04:47:02 GMT" time="20.025" errors="0">
  <testcase name="TestEditCampaings" time="20.025" classname="com.VTiger.Campaigns.EditCampaings"/>
</testsuite> <!-- com.VTiger.Campaigns.EditCampaings -->
