<?xml version="1.0" encoding="UTF-8"?>
<!-- Generated by org.testng.reporters.JUnitReportReporter -->
<testsuite skipped="0" hostname="hp-PC" name="com.VTiger.Campaigns.TestCreateCampaings" tests="1" failures="0" timestamp="21 Aug 2019 17:43:48 GMT" time="34.140" errors="0">
  <testcase name="CreatCampaings" time="34.140" classname="com.VTiger.Campaigns.TestCreateCampaings"/>
</testsuite> <!-- com.VTiger.Campaigns.TestCreateCampaings -->
